Started at Mon Mar 08 18:48:40 UTC 2021
Processing CICD2slave
Offering CICD2slave to Project Build Discarder
Processing CodePull
Offering CodePull to Project Build Discarder
Processing Job1
Offering Job1 to Project Build Discarder
Processing Szymon
Offering Szymon to Project Build Discarder
Processing Szymon2
Offering Szymon2 to Project Build Discarder
Processing test
Offering test to Project Build Discarder
Finished at Mon Mar 08 18:48:40 UTC 2021. 3ms
Started at Mon Mar 08 19:48:40 UTC 2021
Processing CICD2slave
Offering CICD2slave to Project Build Discarder
Processing CodePull
Offering CodePull to Project Build Discarder
Processing Job1
Offering Job1 to Project Build Discarder
Processing porttest
Offering porttest to Project Build Discarder
Processing Szymon
Offering Szymon to Project Build Discarder
Processing Szymon2
Offering Szymon2 to Project Build Discarder
Processing test
Offering test to Project Build Discarder
Finished at Mon Mar 08 19:48:40 UTC 2021. 2ms
Started at Mon Mar 08 20:48:40 UTC 2021
Processing CICD2slave
Offering CICD2slave to Project Build Discarder
Processing CodePull
Offering CodePull to Project Build Discarder
Processing Job1
Offering Job1 to Project Build Discarder
Processing porttest
Offering porttest to Project Build Discarder
Processing Szymon
Offering Szymon to Project Build Discarder
Processing Szymon2
Offering Szymon2 to Project Build Discarder
Processing test
Offering test to Project Build Discarder
Finished at Mon Mar 08 20:48:40 UTC 2021. 1ms
